Aug 06, 2015 1:08:16 PM org.apache.catalina.core.StandardContext reload
INFO: Reloading Context with name [] has started
Aug 06, 2015 1:08:16 PM org.apache.catalina.core.StandardContext reload
INFO: Reloading Context with name [] is completed
Aug 06, 2015 1:17:06 PM org.apache.catalina.core.StandardContext reload
INFO: Reloading Context with name [] has started
Aug 06, 2015 1:17:07 PM org.apache.catalina.core.StandardContext reload
INFO: Reloading Context with name [] is completed
Aug 06, 2015 1:26:37 PM org.apache.catalina.core.StandardContext reload
INFO: Reloading Context with name [] has started
Aug 06, 2015 1:26:37 PM org.apache.catalina.core.StandardContext reload
INFO: Reloading Context with name [] is completed
Aug 06, 2015 1:27:57 PM org.apache.catalina.core.StandardContext reload
INFO: Reloading Context with name [] has started
Aug 06, 2015 1:27:59 PM org.apache.catalina.loader.WebappClassLoader clearReferencesThreads
SEVERE: The web application [] is still processing a request that has yet to finish. This is very likely to create a memory leak. You can control the time allowed for requests to finish by using the unloadDelay attribute of the standard Context implementation.
Aug 06, 2015 1:28:00 PM org.apache.catalina.core.StandardContext reload
INFO: Reloading Context with name [] is completed
Aug 06, 2015 2:24:30 PM org.apache.catalina.core.StandardContext reload
INFO: Reloading Context with name [] has started
Aug 06, 2015 2:24:31 PM org.apache.catalina.core.StandardContext reload
INFO: Reloading Context with name [] is completed
Aug 06, 2015 2:26:24 PM org.apache.catalina.core.StandardWrapperValve invoke
SEVERE: Servlet.service() for servlet [jsp] in context with path [] threw exception [An exception occurred processing JSP page /manager_board/manager_ScholarInfo_Write_C.jsp at line 58

55: 
56: System.out.println("?????? ?????? ?????? : "+ uploadFilePath);                        //to save files = get saving path 
57: 
58: MultipartRequest multi = new MultipartRequest(request, uploadFilePath, uploadFileSizeLimit, encType, new DefaultFileRenamePolicy());
59: String fileName = multi.getFilesystemName("file");
60: 
61: 


Stacktrace:] with root cause
java.lang.IllegalArgumentException: Not a directory: /www/scholarshipcenter.co.kr/www/WebContent/attachedFiles
	at com.oreilly.servlet.MultipartRequest.<init>(MultipartRequest.java:215)
	at org.apache.jsp.manager_005fboard.manager_005fScholarInfo_005fWrite_005fC_jsp._jspService(manager_005fScholarInfo_005fWrite_005fC_jsp.java:124)
	at org.apache.jasper.runtime.HttpJspBase.service(HttpJspBase.java:70)
	at javax.servlet.http.HttpServlet.service(HttpServlet.java:722)
	at org.apache.jasper.servlet.JspServletWrapper.service(JspServletWrapper.java:432)
	at org.apache.jasper.servlet.JspServlet.serviceJspFile(JspServlet.java:390)
	at org.apache.jasper.servlet.JspServlet.service(JspServlet.java:334)
	at javax.servlet.http.HttpServlet.service(HttpServlet.java:722)
	at org.apache.catalina.core.ApplicationFilterChain.internalDoFilter(ApplicationFilterChain.java:305)
	at org.apache.catalina.core.ApplicationFilterChain.doFilter(ApplicationFilterChain.java:210)
	at org.apache.catalina.core.StandardWrapperValve.invoke(StandardWrapperValve.java:224)
	at org.apache.catalina.core.StandardContextValve.invoke(StandardContextValve.java:169)
	at org.apache.catalina.authenticator.AuthenticatorBase.invoke(AuthenticatorBase.java:472)
	at org.apache.catalina.core.StandardHostValve.invoke(StandardHostValve.java:168)
	at org.apache.catalina.valves.ErrorReportValve.invoke(ErrorReportValve.java:98)
	at org.apache.catalina.valves.AccessLogValve.invoke(AccessLogValve.java:928)
	at org.apache.catalina.core.StandardEngineValve.invoke(StandardEngineValve.java:118)
	at org.apache.catalina.connector.CoyoteAdapter.service(CoyoteAdapter.java:407)
	at org.apache.coyote.ajp.AjpProcessor.process(AjpProcessor.java:200)
	at org.apache.coyote.AbstractProtocol$AbstractConnectionHandler.process(AbstractProtocol.java:539)
	at org.apache.tomcat.util.net.JIoEndpoint$SocketProcessor.run(JIoEndpoint.java:298)
	at java.util.concurrent.ThreadPoolExecutor.runWorker(ThreadPoolExecutor.java:1110)
	at java.util.concurrent.ThreadPoolExecutor$Worker.run(ThreadPoolExecutor.java:603)
	at java.lang.Thread.run(Thread.java:722)

Aug 06, 2015 2:44:11 PM org.apache.catalina.core.StandardContext reload
INFO: Reloading Context with name [] has started
Aug 06, 2015 2:44:11 PM org.apache.catalina.core.StandardContext reload
INFO: Reloading Context with name [] is completed
Aug 06, 2015 2:47:51 PM org.apache.catalina.core.StandardContext reload
INFO: Reloading Context with name [] has started
Aug 06, 2015 2:47:52 PM org.apache.catalina.core.StandardContext reload
INFO: Reloading Context with name [] is completed
Aug 06, 2015 2:50:02 PM org.apache.catalina.core.StandardContext reload
INFO: Reloading Context with name [] has started
Aug 06, 2015 2:50:02 PM org.apache.catalina.core.StandardContext reload
INFO: Reloading Context with name [] is completed
Aug 06, 2015 2:51:32 PM org.apache.catalina.core.StandardContext reload
INFO: Reloading Context with name [] has started
Aug 06, 2015 2:51:33 PM org.apache.catalina.core.StandardContext reload
INFO: Reloading Context with name [] is completed
Aug 06, 2015 3:01:03 PM org.apache.catalina.core.StandardContext reload
INFO: Reloading Context with name [] has started
Aug 06, 2015 3:01:03 PM org.apache.catalina.core.StandardContext reload
INFO: Reloading Context with name [] is completed
Aug 06, 2015 3:03:13 PM org.apache.catalina.core.StandardContext reload
INFO: Reloading Context with name [] has started
Aug 06, 2015 3:03:14 PM org.apache.catalina.core.StandardContext reload
INFO: Reloading Context with name [] is completed
Aug 06, 2015 3:03:44 PM org.apache.catalina.core.StandardContext reload
INFO: Reloading Context with name [] has started
Aug 06, 2015 3:03:44 PM org.apache.catalina.core.StandardContext reload
INFO: Reloading Context with name [] is completed
Aug 06, 2015 3:04:34 PM org.apache.catalina.core.StandardContext reload
INFO: Reloading Context with name [] has started
Aug 06, 2015 3:04:35 PM org.apache.catalina.core.StandardContext reload
INFO: Reloading Context with name [] is completed
Aug 06, 2015 3:05:45 PM org.apache.catalina.core.StandardContext reload
INFO: Reloading Context with name [] has started
Aug 06, 2015 3:05:45 PM org.apache.catalina.core.StandardContext reload
INFO: Reloading Context with name [] is completed
Aug 06, 2015 3:06:05 PM org.apache.catalina.core.StandardContext reload
INFO: Reloading Context with name [] has started
Aug 06, 2015 3:06:05 PM org.apache.catalina.core.StandardContext reload
INFO: Reloading Context with name [] is completed
Aug 06, 2015 3:07:25 PM org.apache.catalina.core.StandardContext reload
INFO: Reloading Context with name [] has started
Aug 06, 2015 3:07:26 PM org.apache.catalina.core.StandardContext reload
INFO: Reloading Context with name [] is completed
Aug 06, 2015 3:14:56 PM org.apache.catalina.core.StandardContext reload
INFO: Reloading Context with name [] has started
Aug 06, 2015 3:14:56 PM org.apache.catalina.core.StandardContext reload
INFO: Reloading Context with name [] is completed
Aug 06, 2015 3:16:16 PM org.apache.catalina.core.StandardContext reload
INFO: Reloading Context with name [] has started
Aug 06, 2015 3:16:17 PM org.apache.catalina.core.StandardContext reload
INFO: Reloading Context with name [] is completed
Aug 06, 2015 3:18:27 PM org.apache.catalina.core.StandardContext reload
INFO: Reloading Context with name [] has started
Aug 06, 2015 3:18:27 PM org.apache.catalina.core.StandardContext reload
INFO: Reloading Context with name [] is completed
