Jul 10, 2015 1:53:20 PM org.apache.catalina.core.AprLifecycleListener init
INFO: The APR based Apache Tomcat Native library which allows optimal performance in production environments was not found on the java.library.path: /usr/java/packages/lib/amd64:/usr/lib64:/lib64:/lib:/usr/lib
Jul 10, 2015 1:53:20 PM org.apache.tomcat.util.digester.SetPropertiesRule begin
WARNING: [SetPropertiesRule]{Server/Service/Engine/Host} Setting property 'xmlValidation' to 'false' did not find a matching property.
Jul 10, 2015 1:53:20 PM org.apache.tomcat.util.digester.SetPropertiesRule begin
WARNING: [SetPropertiesRule]{Server/Service/Engine/Host} Setting property 'xmlNamespaceAware' to 'false' did not find a matching property.
Jul 10, 2015 1:53:20 PM org.apache.tomcat.util.digester.SetPropertiesRule begin
WARNING: [SetPropertiesRule]{Server/Service/Engine/Host/Context} Setting property 'debug' to '0' did not find a matching property.
Jul 10, 2015 1:53:20 PM org.apache.coyote.AbstractProtocol init
INFO: Initializing ProtocolHandler ["ajp-bio-8863"]
Jul 10, 2015 1:53:21 PM org.apache.coyote.AbstractProtocol init
SEVERE: Failed to initialize end point associated with ProtocolHandler ["ajp-bio-8863"]
java.net.BindException: Address already in use <null>:8863
	at org.apache.tomcat.util.net.JIoEndpoint.bind(JIoEndpoint.java:382)
	at org.apache.tomcat.util.net.AbstractEndpoint.init(AbstractEndpoint.java:553)
	at org.apache.coyote.AbstractProtocol.init(AbstractProtocol.java:369)
	at org.apache.catalina.connector.Connector.initInternal(Connector.java:937)
	at org.apache.catalina.util.LifecycleBase.init(LifecycleBase.java:102)
	at org.apache.catalina.core.StandardService.initInternal(StandardService.java:559)
	at org.apache.catalina.util.LifecycleBase.init(LifecycleBase.java:102)
	at org.apache.catalina.core.StandardServer.initInternal(StandardServer.java:781)
	at org.apache.catalina.util.LifecycleBase.init(LifecycleBase.java:102)
	at org.apache.catalina.startup.Catalina.load(Catalina.java:573)
	at org.apache.catalina.startup.Catalina.load(Catalina.java:598)
	at sun.reflect.NativeMethodAccessorImpl.invoke0(Native Method)
	at sun.reflect.NativeMethodAccessorImpl.invoke(NativeMethodAccessorImpl.java:57)
	at sun.reflect.DelegatingMethodAccessorImpl.invoke(DelegatingMethodAccessorImpl.java:43)
	at java.lang.reflect.Method.invoke(Method.java:601)
	at org.apache.catalina.startup.Bootstrap.load(Bootstrap.java:281)
	at org.apache.catalina.startup.Bootstrap.main(Bootstrap.java:449)
Caused by: java.net.BindException: Address already in use
	at java.net.PlainSocketImpl.socketBind(Native Method)
	at java.net.AbstractPlainSocketImpl.bind(AbstractPlainSocketImpl.java:374)
	at java.net.ServerSocket.bind(ServerSocket.java:376)
	at java.net.ServerSocket.<init>(ServerSocket.java:237)
	at java.net.ServerSocket.<init>(ServerSocket.java:181)
	at org.apache.tomcat.util.net.DefaultServerSocketFactory.createSocket(DefaultServerSocketFactory.java:49)
	at org.apache.tomcat.util.net.JIoEndpoint.bind(JIoEndpoint.java:369)
	... 16 more

Jul 10, 2015 1:53:21 PM org.apache.catalina.core.StandardService initInternal
SEVERE: Failed to initialize connector [Connector[AJP/1.3-8863]]
org.apache.catalina.LifecycleException: Failed to initialize component [Connector[AJP/1.3-8863]]
	at org.apache.catalina.util.LifecycleBase.init(LifecycleBase.java:106)
	at org.apache.catalina.core.StandardService.initInternal(StandardService.java:559)
	at org.apache.catalina.util.LifecycleBase.init(LifecycleBase.java:102)
	at org.apache.catalina.core.StandardServer.initInternal(StandardServer.java:781)
	at org.apache.catalina.util.LifecycleBase.init(LifecycleBase.java:102)
	at org.apache.catalina.startup.Catalina.load(Catalina.java:573)
	at org.apache.catalina.startup.Catalina.load(Catalina.java:598)
	at sun.reflect.NativeMethodAccessorImpl.invoke0(Native Method)
	at sun.reflect.NativeMethodAccessorImpl.invoke(NativeMethodAccessorImpl.java:57)
	at sun.reflect.DelegatingMethodAccessorImpl.invoke(DelegatingMethodAccessorImpl.java:43)
	at java.lang.reflect.Method.invoke(Method.java:601)
	at org.apache.catalina.startup.Bootstrap.load(Bootstrap.java:281)
	at org.apache.catalina.startup.Bootstrap.main(Bootstrap.java:449)
Caused by: org.apache.catalina.LifecycleException: Protocol handler initialization failed
	at org.apache.catalina.connector.Connector.initInternal(Connector.java:939)
	at org.apache.catalina.util.LifecycleBase.init(LifecycleBase.java:102)
	... 12 more
Caused by: java.net.BindException: Address already in use <null>:8863
	at org.apache.tomcat.util.net.JIoEndpoint.bind(JIoEndpoint.java:382)
	at org.apache.tomcat.util.net.AbstractEndpoint.init(AbstractEndpoint.java:553)
	at org.apache.coyote.AbstractProtocol.init(AbstractProtocol.java:369)
	at org.apache.catalina.connector.Connector.initInternal(Connector.java:937)
	... 13 more
Caused by: java.net.BindException: Address already in use
	at java.net.PlainSocketImpl.socketBind(Native Method)
	at java.net.AbstractPlainSocketImpl.bind(AbstractPlainSocketImpl.java:374)
	at java.net.ServerSocket.bind(ServerSocket.java:376)
	at java.net.ServerSocket.<init>(ServerSocket.java:237)
	at java.net.ServerSocket.<init>(ServerSocket.java:181)
	at org.apache.tomcat.util.net.DefaultServerSocketFactory.createSocket(DefaultServerSocketFactory.java:49)
	at org.apache.tomcat.util.net.JIoEndpoint.bind(JIoEndpoint.java:369)
	... 16 more

Jul 10, 2015 1:53:21 PM org.apache.catalina.startup.Catalina load
INFO: Initialization processed in 1557 ms
Jul 10, 2015 1:53:21 PM org.apache.catalina.core.StandardService startInternal
INFO: Starting service Catalina
Jul 10, 2015 1:53:21 PM org.apache.catalina.core.StandardEngine startInternal
INFO: Starting Servlet Engine: Apache Tomcat/7.0.23
Jul 10, 2015 1:53:22 PM org.apache.catalina.startup.HostConfig deployDirectory
INFO: Deploying web application directory /www/scholarshipcenter.co.kr/tomcat/webapps/examples
Jul 10, 2015 1:53:22 PM org.apache.catalina.core.ApplicationContext log
INFO: ContextListener: contextInitialized()
Jul 10, 2015 1:53:22 PM org.apache.catalina.core.ApplicationContext log
INFO: SessionListener: contextInitialized()
Jul 10, 2015 1:53:22 PM org.apache.catalina.core.ApplicationContext log
INFO: ContextListener: attributeAdded('org.apache.jasper.compiler.TldLocationsCache', 'org.apache.jasper.compiler.TldLocationsCache@398b9645')
Jul 10, 2015 1:53:22 PM org.apache.catalina.startup.HostConfig deployDirectory
INFO: Deploying web application directory /www/scholarshipcenter.co.kr/tomcat/webapps/manager
Jul 10, 2015 1:53:22 PM org.apache.catalina.startup.HostConfig deployDirectory
INFO: Deploying web application directory /www/scholarshipcenter.co.kr/tomcat/webapps/docs
Jul 10, 2015 1:53:22 PM org.apache.catalina.startup.HostConfig deployDirectory
INFO: Deploying web application directory /www/scholarshipcenter.co.kr/tomcat/webapps/host-manager
Jul 10, 2015 1:53:22 PM org.apache.catalina.startup.Catalina start
INFO: Server startup in 1918 ms
Jul 10, 2015 1:53:22 PM org.apache.catalina.core.StandardServer await
SEVERE: StandardServer.await: create[localhost:8763]: 
java.net.BindException: Address already in use
	at java.net.PlainSocketImpl.socketBind(Native Method)
	at java.net.AbstractPlainSocketImpl.bind(AbstractPlainSocketImpl.java:374)
	at java.net.ServerSocket.bind(ServerSocket.java:376)
	at java.net.ServerSocket.<init>(ServerSocket.java:237)
	at org.apache.catalina.core.StandardServer.await(StandardServer.java:422)
	at org.apache.catalina.startup.Catalina.await(Catalina.java:706)
	at org.apache.catalina.startup.Catalina.start(Catalina.java:652)
	at sun.reflect.NativeMethodAccessorImpl.invoke0(Native Method)
	at sun.reflect.NativeMethodAccessorImpl.invoke(NativeMethodAccessorImpl.java:57)
	at sun.reflect.DelegatingMethodAccessorImpl.invoke(DelegatingMethodAccessorImpl.java:43)
	at java.lang.reflect.Method.invoke(Method.java:601)
	at org.apache.catalina.startup.Bootstrap.start(Bootstrap.java:322)
	at org.apache.catalina.startup.Bootstrap.main(Bootstrap.java:450)

Jul 10, 2015 1:53:22 PM org.apache.coyote.AbstractProtocol pause
INFO: Pausing ProtocolHandler ["ajp-bio-8863"]
Jul 10, 2015 1:53:22 PM org.apache.catalina.core.StandardService stopInternal
INFO: Stopping service Catalina
Jul 10, 2015 1:53:22 PM org.apache.catalina.core.ApplicationContext log
INFO: SessionListener: contextDestroyed()
Jul 10, 2015 1:53:22 PM org.apache.catalina.core.ApplicationContext log
INFO: ContextListener: contextDestroyed()
Jul 10, 2015 1:53:22 PM org.apache.coyote.AbstractProtocol stop
INFO: Stopping ProtocolHandler ["ajp-bio-8863"]
Jul 10, 2015 1:53:22 PM org.apache.coyote.AbstractProtocol destroy
INFO: Destroying ProtocolHandler ["ajp-bio-8863"]
Jul 10, 2015 2:37:48 PM org.apache.catalina.core.StandardWrapperValve invoke
SEVERE: Servlet.service() for servlet [jsp] in context with path [] threw exception [Unable to compile class for JSP: 

An error occurred at line: 14 in the generated java file
Only a type can be imported. crawler.CrawlerMaster resolves to a package

An error occurred at line: 11 in the jsp file: /mboard/mMainTemp.jsp
CrawlerMaster cannot be resolved to a type
8: <title>??????</title>
9: </head>
10: <body>
11: <%CrawlerMaster master = CrawlerMaster.getInstance();%>
12: </body>
13: </html>


An error occurred at line: 11 in the jsp file: /mboard/mMainTemp.jsp
CrawlerMaster cannot be resolved
8: <title>??????</title>
9: </head>
10: <body>
11: <%CrawlerMaster master = CrawlerMaster.getInstance();%>
12: </body>
13: </html>


Stacktrace:] with root cause
org.apache.jasper.JasperException: Unable to compile class for JSP: 

An error occurred at line: 14 in the generated java file
Only a type can be imported. crawler.CrawlerMaster resolves to a package

An error occurred at line: 11 in the jsp file: /mboard/mMainTemp.jsp
CrawlerMaster cannot be resolved to a type
8: <title>??????</title>
9: </head>
10: <body>
11: <%CrawlerMaster master = CrawlerMaster.getInstance();%>
12: </body>
13: </html>


An error occurred at line: 11 in the jsp file: /mboard/mMainTemp.jsp
CrawlerMaster cannot be resolved
8: <title>??????</title>
9: </head>
10: <body>
11: <%CrawlerMaster master = CrawlerMaster.getInstance();%>
12: </body>
13: </html>


Stacktrace:
	at org.apache.jasper.compiler.DefaultErrorHandler.javacError(DefaultErrorHandler.java:102)
	at org.apache.jasper.compiler.ErrorDispatcher.javacError(ErrorDispatcher.java:331)
	at org.apache.jasper.compiler.JDTCompiler.generateClass(JDTCompiler.java:457)
	at org.apache.jasper.compiler.Compiler.compile(Compiler.java:378)
	at org.apache.jasper.compiler.Compiler.compile(Compiler.java:353)
	at org.apache.jasper.compiler.Compiler.compile(Compiler.java:340)
	at org.apache.jasper.JspCompilationContext.compile(JspCompilationContext.java:646)
	at org.apache.jasper.servlet.JspServletWrapper.service(JspServletWrapper.java:357)
	at org.apache.jasper.servlet.JspServlet.serviceJspFile(JspServlet.java:390)
	at org.apache.jasper.servlet.JspServlet.service(JspServlet.java:334)
	at javax.servlet.http.HttpServlet.service(HttpServlet.java:722)
	at org.apache.catalina.core.ApplicationFilterChain.internalDoFilter(ApplicationFilterChain.java:305)
	at org.apache.catalina.core.ApplicationFilterChain.doFilter(ApplicationFilterChain.java:210)
	at org.apache.catalina.core.StandardWrapperValve.invoke(StandardWrapperValve.java:224)
	at org.apache.catalina.core.StandardContextValve.invoke(StandardContextValve.java:169)
	at org.apache.catalina.authenticator.AuthenticatorBase.invoke(AuthenticatorBase.java:472)
	at org.apache.catalina.core.StandardHostValve.invoke(StandardHostValve.java:168)
	at org.apache.catalina.valves.ErrorReportValve.invoke(ErrorReportValve.java:98)
	at org.apache.catalina.valves.AccessLogValve.invoke(AccessLogValve.java:928)
	at org.apache.catalina.core.StandardEngineValve.invoke(StandardEngineValve.java:118)
	at org.apache.catalina.connector.CoyoteAdapter.service(CoyoteAdapter.java:407)
	at org.apache.coyote.ajp.AjpProcessor.process(AjpProcessor.java:200)
	at org.apache.coyote.AbstractProtocol$AbstractConnectionHandler.process(AbstractProtocol.java:539)
	at org.apache.tomcat.util.net.JIoEndpoint$SocketProcessor.run(JIoEndpoint.java:298)
	at java.util.concurrent.ThreadPoolExecutor.runWorker(ThreadPoolExecutor.java:1110)
	at java.util.concurrent.ThreadPoolExecutor$Worker.run(ThreadPoolExecutor.java:603)
	at java.lang.Thread.run(Thread.java:722)

Jul 10, 2015 3:12:41 PM org.apache.catalina.core.StandardWrapperValve invoke
SEVERE: Servlet.service() for servlet [jsp] in context with path [] threw exception [Unable to compile class for JSP: 

An error occurred at line: 14 in the generated java file
Only a type can be imported. crawler.CrawlerMaster resolves to a package

An error occurred at line: 11 in the jsp file: /mboard/mMainTemp.jsp
CrawlerMaster cannot be resolved to a type
8: <title>??????</title>
9: </head>
10: <body>
11: <%CrawlerMaster master = CrawlerMaster.getInstance();%>
12: </body>
13: </html>


An error occurred at line: 11 in the jsp file: /mboard/mMainTemp.jsp
CrawlerMaster cannot be resolved
8: <title>??????</title>
9: </head>
10: <body>
11: <%CrawlerMaster master = CrawlerMaster.getInstance();%>
12: </body>
13: </html>


Stacktrace:] with root cause
org.apache.jasper.JasperException: Unable to compile class for JSP: 

An error occurred at line: 14 in the generated java file
Only a type can be imported. crawler.CrawlerMaster resolves to a package

An error occurred at line: 11 in the jsp file: /mboard/mMainTemp.jsp
CrawlerMaster cannot be resolved to a type
8: <title>??????</title>
9: </head>
10: <body>
11: <%CrawlerMaster master = CrawlerMaster.getInstance();%>
12: </body>
13: </html>


An error occurred at line: 11 in the jsp file: /mboard/mMainTemp.jsp
CrawlerMaster cannot be resolved
8: <title>??????</title>
9: </head>
10: <body>
11: <%CrawlerMaster master = CrawlerMaster.getInstance();%>
12: </body>
13: </html>


Stacktrace:
	at org.apache.jasper.compiler.DefaultErrorHandler.javacError(DefaultErrorHandler.java:102)
	at org.apache.jasper.compiler.ErrorDispatcher.javacError(ErrorDispatcher.java:331)
	at org.apache.jasper.compiler.JDTCompiler.generateClass(JDTCompiler.java:457)
	at org.apache.jasper.compiler.Compiler.compile(Compiler.java:378)
	at org.apache.jasper.compiler.Compiler.compile(Compiler.java:353)
	at org.apache.jasper.compiler.Compiler.compile(Compiler.java:340)
	at org.apache.jasper.JspCompilationContext.compile(JspCompilationContext.java:646)
	at org.apache.jasper.servlet.JspServletWrapper.service(JspServletWrapper.java:357)
	at org.apache.jasper.servlet.JspServlet.serviceJspFile(JspServlet.java:390)
	at org.apache.jasper.servlet.JspServlet.service(JspServlet.java:334)
	at javax.servlet.http.HttpServlet.service(HttpServlet.java:722)
	at org.apache.catalina.core.ApplicationFilterChain.internalDoFilter(ApplicationFilterChain.java:305)
	at org.apache.catalina.core.ApplicationFilterChain.doFilter(ApplicationFilterChain.java:210)
	at org.apache.catalina.core.StandardWrapperValve.invoke(StandardWrapperValve.java:224)
	at org.apache.catalina.core.StandardContextValve.invoke(StandardContextValve.java:169)
	at org.apache.catalina.authenticator.AuthenticatorBase.invoke(AuthenticatorBase.java:472)
	at org.apache.catalina.core.StandardHostValve.invoke(StandardHostValve.java:168)
	at org.apache.catalina.valves.ErrorReportValve.invoke(ErrorReportValve.java:98)
	at org.apache.catalina.valves.AccessLogValve.invoke(AccessLogValve.java:928)
	at org.apache.catalina.core.StandardEngineValve.invoke(StandardEngineValve.java:118)
	at org.apache.catalina.connector.CoyoteAdapter.service(CoyoteAdapter.java:407)
	at org.apache.coyote.ajp.AjpProcessor.process(AjpProcessor.java:200)
	at org.apache.coyote.AbstractProtocol$AbstractConnectionHandler.process(AbstractProtocol.java:539)
	at org.apache.tomcat.util.net.JIoEndpoint$SocketProcessor.run(JIoEndpoint.java:298)
	at java.util.concurrent.ThreadPoolExecutor.runWorker(ThreadPoolExecutor.java:1110)
	at java.util.concurrent.ThreadPoolExecutor$Worker.run(ThreadPoolExecutor.java:603)
	at java.lang.Thread.run(Thread.java:722)

Jul 10, 2015 3:12:48 PM org.apache.catalina.core.StandardWrapperValve invoke
SEVERE: Servlet.service() for servlet [jsp] in context with path [] threw exception [Unable to compile class for JSP: 

An error occurred at line: 14 in the generated java file
Only a type can be imported. crawler.CrawlerMaster resolves to a package

An error occurred at line: 11 in the jsp file: /mboard/mMainTemp.jsp
CrawlerMaster cannot be resolved to a type
8: <title>??????</title>
9: </head>
10: <body>
11: <%CrawlerMaster master = CrawlerMaster.getInstance();%>
12: </body>
13: </html>


An error occurred at line: 11 in the jsp file: /mboard/mMainTemp.jsp
CrawlerMaster cannot be resolved
8: <title>??????</title>
9: </head>
10: <body>
11: <%CrawlerMaster master = CrawlerMaster.getInstance();%>
12: </body>
13: </html>


Stacktrace:] with root cause
org.apache.jasper.JasperException: Unable to compile class for JSP: 

An error occurred at line: 14 in the generated java file
Only a type can be imported. crawler.CrawlerMaster resolves to a package

An error occurred at line: 11 in the jsp file: /mboard/mMainTemp.jsp
CrawlerMaster cannot be resolved to a type
8: <title>??????</title>
9: </head>
10: <body>
11: <%CrawlerMaster master = CrawlerMaster.getInstance();%>
12: </body>
13: </html>


An error occurred at line: 11 in the jsp file: /mboard/mMainTemp.jsp
CrawlerMaster cannot be resolved
8: <title>??????</title>
9: </head>
10: <body>
11: <%CrawlerMaster master = CrawlerMaster.getInstance();%>
12: </body>
13: </html>


Stacktrace:
	at org.apache.jasper.compiler.DefaultErrorHandler.javacError(DefaultErrorHandler.java:102)
	at org.apache.jasper.compiler.ErrorDispatcher.javacError(ErrorDispatcher.java:331)
	at org.apache.jasper.compiler.JDTCompiler.generateClass(JDTCompiler.java:457)
	at org.apache.jasper.compiler.Compiler.compile(Compiler.java:378)
	at org.apache.jasper.compiler.Compiler.compile(Compiler.java:353)
	at org.apache.jasper.compiler.Compiler.compile(Compiler.java:340)
	at org.apache.jasper.JspCompilationContext.compile(JspCompilationContext.java:646)
	at org.apache.jasper.servlet.JspServletWrapper.service(JspServletWrapper.java:357)
	at org.apache.jasper.servlet.JspServlet.serviceJspFile(JspServlet.java:390)
	at org.apache.jasper.servlet.JspServlet.service(JspServlet.java:334)
	at javax.servlet.http.HttpServlet.service(HttpServlet.java:722)
	at org.apache.catalina.core.ApplicationFilterChain.internalDoFilter(ApplicationFilterChain.java:305)
	at org.apache.catalina.core.ApplicationFilterChain.doFilter(ApplicationFilterChain.java:210)
	at org.apache.catalina.core.StandardWrapperValve.invoke(StandardWrapperValve.java:224)
	at org.apache.catalina.core.StandardContextValve.invoke(StandardContextValve.java:169)
	at org.apache.catalina.authenticator.AuthenticatorBase.invoke(AuthenticatorBase.java:472)
	at org.apache.catalina.core.StandardHostValve.invoke(StandardHostValve.java:168)
	at org.apache.catalina.valves.ErrorReportValve.invoke(ErrorReportValve.java:98)
	at org.apache.catalina.valves.AccessLogValve.invoke(AccessLogValve.java:928)
	at org.apache.catalina.core.StandardEngineValve.invoke(StandardEngineValve.java:118)
	at org.apache.catalina.connector.CoyoteAdapter.service(CoyoteAdapter.java:407)
	at org.apache.coyote.ajp.AjpProcessor.process(AjpProcessor.java:200)
	at org.apache.coyote.AbstractProtocol$AbstractConnectionHandler.process(AbstractProtocol.java:539)
	at org.apache.tomcat.util.net.JIoEndpoint$SocketProcessor.run(JIoEndpoint.java:298)
	at java.util.concurrent.ThreadPoolExecutor.runWorker(ThreadPoolExecutor.java:1110)
	at java.util.concurrent.ThreadPoolExecutor$Worker.run(ThreadPoolExecutor.java:603)
	at java.lang.Thread.run(Thread.java:722)

Jul 10, 2015 3:13:54 PM org.apache.catalina.core.StandardWrapperValve invoke
SEVERE: Servlet.service() for servlet [jsp] in context with path [] threw exception [Unable to compile class for JSP: 

An error occurred at line: 14 in the generated java file
Only a type can be imported. crawler.CrawlerMaster resolves to a package

An error occurred at line: 11 in the jsp file: /mboard/mMainTemp.jsp
CrawlerMaster cannot be resolved to a type
8: <title>??????</title>
9: </head>
10: <body>
11: <%CrawlerMaster master = CrawlerMaster.getInstance();%>
12: </body>
13: </html>


An error occurred at line: 11 in the jsp file: /mboard/mMainTemp.jsp
CrawlerMaster cannot be resolved
8: <title>??????</title>
9: </head>
10: <body>
11: <%CrawlerMaster master = CrawlerMaster.getInstance();%>
12: </body>
13: </html>


Stacktrace:] with root cause
org.apache.jasper.JasperException: Unable to compile class for JSP: 

An error occurred at line: 14 in the generated java file
Only a type can be imported. crawler.CrawlerMaster resolves to a package

An error occurred at line: 11 in the jsp file: /mboard/mMainTemp.jsp
CrawlerMaster cannot be resolved to a type
8: <title>??????</title>
9: </head>
10: <body>
11: <%CrawlerMaster master = CrawlerMaster.getInstance();%>
12: </body>
13: </html>


An error occurred at line: 11 in the jsp file: /mboard/mMainTemp.jsp
CrawlerMaster cannot be resolved
8: <title>??????</title>
9: </head>
10: <body>
11: <%CrawlerMaster master = CrawlerMaster.getInstance();%>
12: </body>
13: </html>


Stacktrace:
	at org.apache.jasper.compiler.DefaultErrorHandler.javacError(DefaultErrorHandler.java:102)
	at org.apache.jasper.compiler.ErrorDispatcher.javacError(ErrorDispatcher.java:331)
	at org.apache.jasper.compiler.JDTCompiler.generateClass(JDTCompiler.java:457)
	at org.apache.jasper.compiler.Compiler.compile(Compiler.java:378)
	at org.apache.jasper.compiler.Compiler.compile(Compiler.java:353)
	at org.apache.jasper.compiler.Compiler.compile(Compiler.java:340)
	at org.apache.jasper.JspCompilationContext.compile(JspCompilationContext.java:646)
	at org.apache.jasper.servlet.JspServletWrapper.service(JspServletWrapper.java:357)
	at org.apache.jasper.servlet.JspServlet.serviceJspFile(JspServlet.java:390)
	at org.apache.jasper.servlet.JspServlet.service(JspServlet.java:334)
	at javax.servlet.http.HttpServlet.service(HttpServlet.java:722)
	at org.apache.catalina.core.ApplicationFilterChain.internalDoFilter(ApplicationFilterChain.java:305)
	at org.apache.catalina.core.ApplicationFilterChain.doFilter(ApplicationFilterChain.java:210)
	at org.apache.catalina.core.StandardWrapperValve.invoke(StandardWrapperValve.java:224)
	at org.apache.catalina.core.StandardContextValve.invoke(StandardContextValve.java:169)
	at org.apache.catalina.authenticator.AuthenticatorBase.invoke(AuthenticatorBase.java:472)
	at org.apache.catalina.core.StandardHostValve.invoke(StandardHostValve.java:168)
	at org.apache.catalina.valves.ErrorReportValve.invoke(ErrorReportValve.java:98)
	at org.apache.catalina.valves.AccessLogValve.invoke(AccessLogValve.java:928)
	at org.apache.catalina.core.StandardEngineValve.invoke(StandardEngineValve.java:118)
	at org.apache.catalina.connector.CoyoteAdapter.service(CoyoteAdapter.java:407)
	at org.apache.coyote.ajp.AjpProcessor.process(AjpProcessor.java:200)
	at org.apache.coyote.AbstractProtocol$AbstractConnectionHandler.process(AbstractProtocol.java:539)
	at org.apache.tomcat.util.net.JIoEndpoint$SocketProcessor.run(JIoEndpoint.java:298)
	at java.util.concurrent.ThreadPoolExecutor.runWorker(ThreadPoolExecutor.java:1110)
	at java.util.concurrent.ThreadPoolExecutor$Worker.run(ThreadPoolExecutor.java:603)
	at java.lang.Thread.run(Thread.java:722)

Jul 10, 2015 3:14:00 PM org.apache.catalina.core.StandardWrapperValve invoke
SEVERE: Servlet.service() for servlet [jsp] in context with path [] threw exception [Unable to compile class for JSP: 

An error occurred at line: 14 in the generated java file
Only a type can be imported. crawler.CrawlerMaster resolves to a package

An error occurred at line: 11 in the jsp file: /mboard/mMainTemp.jsp
CrawlerMaster cannot be resolved to a type
8: <title>??????</title>
9: </head>
10: <body>
11: <%CrawlerMaster master = CrawlerMaster.getInstance();%>
12: </body>
13: </html>


An error occurred at line: 11 in the jsp file: /mboard/mMainTemp.jsp
CrawlerMaster cannot be resolved
8: <title>??????</title>
9: </head>
10: <body>
11: <%CrawlerMaster master = CrawlerMaster.getInstance();%>
12: </body>
13: </html>


Stacktrace:] with root cause
org.apache.jasper.JasperException: Unable to compile class for JSP: 

An error occurred at line: 14 in the generated java file
Only a type can be imported. crawler.CrawlerMaster resolves to a package

An error occurred at line: 11 in the jsp file: /mboard/mMainTemp.jsp
CrawlerMaster cannot be resolved to a type
8: <title>??????</title>
9: </head>
10: <body>
11: <%CrawlerMaster master = CrawlerMaster.getInstance();%>
12: </body>
13: </html>


An error occurred at line: 11 in the jsp file: /mboard/mMainTemp.jsp
CrawlerMaster cannot be resolved
8: <title>??????</title>
9: </head>
10: <body>
11: <%CrawlerMaster master = CrawlerMaster.getInstance();%>
12: </body>
13: </html>


Stacktrace:
	at org.apache.jasper.compiler.DefaultErrorHandler.javacError(DefaultErrorHandler.java:102)
	at org.apache.jasper.compiler.ErrorDispatcher.javacError(ErrorDispatcher.java:331)
	at org.apache.jasper.compiler.JDTCompiler.generateClass(JDTCompiler.java:457)
	at org.apache.jasper.compiler.Compiler.compile(Compiler.java:378)
	at org.apache.jasper.compiler.Compiler.compile(Compiler.java:353)
	at org.apache.jasper.compiler.Compiler.compile(Compiler.java:340)
	at org.apache.jasper.JspCompilationContext.compile(JspCompilationContext.java:646)
	at org.apache.jasper.servlet.JspServletWrapper.service(JspServletWrapper.java:357)
	at org.apache.jasper.servlet.JspServlet.serviceJspFile(JspServlet.java:390)
	at org.apache.jasper.servlet.JspServlet.service(JspServlet.java:334)
	at javax.servlet.http.HttpServlet.service(HttpServlet.java:722)
	at org.apache.catalina.core.ApplicationFilterChain.internalDoFilter(ApplicationFilterChain.java:305)
	at org.apache.catalina.core.ApplicationFilterChain.doFilter(ApplicationFilterChain.java:210)
	at org.apache.catalina.core.StandardWrapperValve.invoke(StandardWrapperValve.java:224)
	at org.apache.catalina.core.StandardContextValve.invoke(StandardContextValve.java:169)
	at org.apache.catalina.authenticator.AuthenticatorBase.invoke(AuthenticatorBase.java:472)
	at org.apache.catalina.core.StandardHostValve.invoke(StandardHostValve.java:168)
	at org.apache.catalina.valves.ErrorReportValve.invoke(ErrorReportValve.java:98)
	at org.apache.catalina.valves.AccessLogValve.invoke(AccessLogValve.java:928)
	at org.apache.catalina.core.StandardEngineValve.invoke(StandardEngineValve.java:118)
	at org.apache.catalina.connector.CoyoteAdapter.service(CoyoteAdapter.java:407)
	at org.apache.coyote.ajp.AjpProcessor.process(AjpProcessor.java:200)
	at org.apache.coyote.AbstractProtocol$AbstractConnectionHandler.process(AbstractProtocol.java:539)
	at org.apache.tomcat.util.net.JIoEndpoint$SocketProcessor.run(JIoEndpoint.java:298)
	at java.util.concurrent.ThreadPoolExecutor.runWorker(ThreadPoolExecutor.java:1110)
	at java.util.concurrent.ThreadPoolExecutor$Worker.run(ThreadPoolExecutor.java:603)
	at java.lang.Thread.run(Thread.java:722)

Jul 10, 2015 6:32:28 PM org.apache.catalina.core.StandardWrapperValve invoke
SEVERE: Servlet.service() for servlet [jsp] in context with path [] threw exception [Unable to compile class for JSP: 

An error occurred at line: 14 in the generated java file
Only a type can be imported. crawler.CrawlerMaster resolves to a package

An error occurred at line: 11 in the jsp file: /mboard/mMainTemp.jsp
CrawlerMaster cannot be resolved to a type
8: <title>??????</title>
9: </head>
10: <body>
11: <%CrawlerMaster master = CrawlerMaster.getInstance();%>
12: </body>
13: </html>


An error occurred at line: 11 in the jsp file: /mboard/mMainTemp.jsp
CrawlerMaster cannot be resolved
8: <title>??????</title>
9: </head>
10: <body>
11: <%CrawlerMaster master = CrawlerMaster.getInstance();%>
12: </body>
13: </html>


Stacktrace:] with root cause
org.apache.jasper.JasperException: Unable to compile class for JSP: 

An error occurred at line: 14 in the generated java file
Only a type can be imported. crawler.CrawlerMaster resolves to a package

An error occurred at line: 11 in the jsp file: /mboard/mMainTemp.jsp
CrawlerMaster cannot be resolved to a type
8: <title>??????</title>
9: </head>
10: <body>
11: <%CrawlerMaster master = CrawlerMaster.getInstance();%>
12: </body>
13: </html>


An error occurred at line: 11 in the jsp file: /mboard/mMainTemp.jsp
CrawlerMaster cannot be resolved
8: <title>??????</title>
9: </head>
10: <body>
11: <%CrawlerMaster master = CrawlerMaster.getInstance();%>
12: </body>
13: </html>


Stacktrace:
	at org.apache.jasper.compiler.DefaultErrorHandler.javacError(DefaultErrorHandler.java:102)
	at org.apache.jasper.compiler.ErrorDispatcher.javacError(ErrorDispatcher.java:331)
	at org.apache.jasper.compiler.JDTCompiler.generateClass(JDTCompiler.java:457)
	at org.apache.jasper.compiler.Compiler.compile(Compiler.java:378)
	at org.apache.jasper.compiler.Compiler.compile(Compiler.java:353)
	at org.apache.jasper.compiler.Compiler.compile(Compiler.java:340)
	at org.apache.jasper.JspCompilationContext.compile(JspCompilationContext.java:646)
	at org.apache.jasper.servlet.JspServletWrapper.service(JspServletWrapper.java:357)
	at org.apache.jasper.servlet.JspServlet.serviceJspFile(JspServlet.java:390)
	at org.apache.jasper.servlet.JspServlet.service(JspServlet.java:334)
	at javax.servlet.http.HttpServlet.service(HttpServlet.java:722)
	at org.apache.catalina.core.ApplicationFilterChain.internalDoFilter(ApplicationFilterChain.java:305)
	at org.apache.catalina.core.ApplicationFilterChain.doFilter(ApplicationFilterChain.java:210)
	at org.apache.catalina.core.StandardWrapperValve.invoke(StandardWrapperValve.java:224)
	at org.apache.catalina.core.StandardContextValve.invoke(StandardContextValve.java:169)
	at org.apache.catalina.authenticator.AuthenticatorBase.invoke(AuthenticatorBase.java:472)
	at org.apache.catalina.core.StandardHostValve.invoke(StandardHostValve.java:168)
	at org.apache.catalina.valves.ErrorReportValve.invoke(ErrorReportValve.java:98)
	at org.apache.catalina.valves.AccessLogValve.invoke(AccessLogValve.java:928)
	at org.apache.catalina.core.StandardEngineValve.invoke(StandardEngineValve.java:118)
	at org.apache.catalina.connector.CoyoteAdapter.service(CoyoteAdapter.java:407)
	at org.apache.coyote.ajp.AjpProcessor.process(AjpProcessor.java:200)
	at org.apache.coyote.AbstractProtocol$AbstractConnectionHandler.process(AbstractProtocol.java:539)
	at org.apache.tomcat.util.net.JIoEndpoint$SocketProcessor.run(JIoEndpoint.java:298)
	at java.util.concurrent.ThreadPoolExecutor.runWorker(ThreadPoolExecutor.java:1110)
	at java.util.concurrent.ThreadPoolExecutor$Worker.run(ThreadPoolExecutor.java:603)
	at java.lang.Thread.run(Thread.java:722)

