Jul 13, 2015 9:37:24 AM org.apache.catalina.core.StandardWrapperValve invoke
SEVERE: Servlet.service() for servlet [jsp] in context with path [] threw exception [Unable to compile class for JSP: 

An error occurred at line: 14 in the generated java file
Only a type can be imported. crawler.CrawlerMaster resolves to a package

An error occurred at line: 11 in the jsp file: /mboard/mMainTemp.jsp
CrawlerMaster cannot be resolved to a type
8: <title>??????</title>
9: </head>
10: <body>
11: <%CrawlerMaster master = CrawlerMaster.getInstance();%>
12: </body>
13: </html>


An error occurred at line: 11 in the jsp file: /mboard/mMainTemp.jsp
CrawlerMaster cannot be resolved
8: <title>??????</title>
9: </head>
10: <body>
11: <%CrawlerMaster master = CrawlerMaster.getInstance();%>
12: </body>
13: </html>


Stacktrace:] with root cause
org.apache.jasper.JasperException: Unable to compile class for JSP: 

An error occurred at line: 14 in the generated java file
Only a type can be imported. crawler.CrawlerMaster resolves to a package

An error occurred at line: 11 in the jsp file: /mboard/mMainTemp.jsp
CrawlerMaster cannot be resolved to a type
8: <title>??????</title>
9: </head>
10: <body>
11: <%CrawlerMaster master = CrawlerMaster.getInstance();%>
12: </body>
13: </html>


An error occurred at line: 11 in the jsp file: /mboard/mMainTemp.jsp
CrawlerMaster cannot be resolved
8: <title>??????</title>
9: </head>
10: <body>
11: <%CrawlerMaster master = CrawlerMaster.getInstance();%>
12: </body>
13: </html>


Stacktrace:
	at org.apache.jasper.compiler.DefaultErrorHandler.javacError(DefaultErrorHandler.java:102)
	at org.apache.jasper.compiler.ErrorDispatcher.javacError(ErrorDispatcher.java:331)
	at org.apache.jasper.compiler.JDTCompiler.generateClass(JDTCompiler.java:457)
	at org.apache.jasper.compiler.Compiler.compile(Compiler.java:378)
	at org.apache.jasper.compiler.Compiler.compile(Compiler.java:353)
	at org.apache.jasper.compiler.Compiler.compile(Compiler.java:340)
	at org.apache.jasper.JspCompilationContext.compile(JspCompilationContext.java:646)
	at org.apache.jasper.servlet.JspServletWrapper.service(JspServletWrapper.java:357)
	at org.apache.jasper.servlet.JspServlet.serviceJspFile(JspServlet.java:390)
	at org.apache.jasper.servlet.JspServlet.service(JspServlet.java:334)
	at javax.servlet.http.HttpServlet.service(HttpServlet.java:722)
	at org.apache.catalina.core.ApplicationFilterChain.internalDoFilter(ApplicationFilterChain.java:305)
	at org.apache.catalina.core.ApplicationFilterChain.doFilter(ApplicationFilterChain.java:210)
	at org.apache.catalina.core.StandardWrapperValve.invoke(StandardWrapperValve.java:224)
	at org.apache.catalina.core.StandardContextValve.invoke(StandardContextValve.java:169)
	at org.apache.catalina.authenticator.AuthenticatorBase.invoke(AuthenticatorBase.java:472)
	at org.apache.catalina.core.StandardHostValve.invoke(StandardHostValve.java:168)
	at org.apache.catalina.valves.ErrorReportValve.invoke(ErrorReportValve.java:98)
	at org.apache.catalina.valves.AccessLogValve.invoke(AccessLogValve.java:928)
	at org.apache.catalina.core.StandardEngineValve.invoke(StandardEngineValve.java:118)
	at org.apache.catalina.connector.CoyoteAdapter.service(CoyoteAdapter.java:407)
	at org.apache.coyote.ajp.AjpProcessor.process(AjpProcessor.java:200)
	at org.apache.coyote.AbstractProtocol$AbstractConnectionHandler.process(AbstractProtocol.java:539)
	at org.apache.tomcat.util.net.JIoEndpoint$SocketProcessor.run(JIoEndpoint.java:298)
	at java.util.concurrent.ThreadPoolExecutor.runWorker(ThreadPoolExecutor.java:1110)
	at java.util.concurrent.ThreadPoolExecutor$Worker.run(ThreadPoolExecutor.java:603)
	at java.lang.Thread.run(Thread.java:722)

Jul 13, 2015 9:37:28 AM org.apache.catalina.core.StandardWrapperValve invoke
SEVERE: Servlet.service() for servlet [jsp] in context with path [] threw exception [Unable to compile class for JSP: 

An error occurred at line: 14 in the generated java file
Only a type can be imported. crawler.CrawlerMaster resolves to a package

An error occurred at line: 11 in the jsp file: /mboard/mMainTemp.jsp
CrawlerMaster cannot be resolved to a type
8: <title>??????</title>
9: </head>
10: <body>
11: <%CrawlerMaster master = CrawlerMaster.getInstance();%>
12: </body>
13: </html>


An error occurred at line: 11 in the jsp file: /mboard/mMainTemp.jsp
CrawlerMaster cannot be resolved
8: <title>??????</title>
9: </head>
10: <body>
11: <%CrawlerMaster master = CrawlerMaster.getInstance();%>
12: </body>
13: </html>


Stacktrace:] with root cause
org.apache.jasper.JasperException: Unable to compile class for JSP: 

An error occurred at line: 14 in the generated java file
Only a type can be imported. crawler.CrawlerMaster resolves to a package

An error occurred at line: 11 in the jsp file: /mboard/mMainTemp.jsp
CrawlerMaster cannot be resolved to a type
8: <title>??????</title>
9: </head>
10: <body>
11: <%CrawlerMaster master = CrawlerMaster.getInstance();%>
12: </body>
13: </html>


An error occurred at line: 11 in the jsp file: /mboard/mMainTemp.jsp
CrawlerMaster cannot be resolved
8: <title>??????</title>
9: </head>
10: <body>
11: <%CrawlerMaster master = CrawlerMaster.getInstance();%>
12: </body>
13: </html>


Stacktrace:
	at org.apache.jasper.compiler.DefaultErrorHandler.javacError(DefaultErrorHandler.java:102)
	at org.apache.jasper.compiler.ErrorDispatcher.javacError(ErrorDispatcher.java:331)
	at org.apache.jasper.compiler.JDTCompiler.generateClass(JDTCompiler.java:457)
	at org.apache.jasper.compiler.Compiler.compile(Compiler.java:378)
	at org.apache.jasper.compiler.Compiler.compile(Compiler.java:353)
	at org.apache.jasper.compiler.Compiler.compile(Compiler.java:340)
	at org.apache.jasper.JspCompilationContext.compile(JspCompilationContext.java:646)
	at org.apache.jasper.servlet.JspServletWrapper.service(JspServletWrapper.java:357)
	at org.apache.jasper.servlet.JspServlet.serviceJspFile(JspServlet.java:390)
	at org.apache.jasper.servlet.JspServlet.service(JspServlet.java:334)
	at javax.servlet.http.HttpServlet.service(HttpServlet.java:722)
	at org.apache.catalina.core.ApplicationFilterChain.internalDoFilter(ApplicationFilterChain.java:305)
	at org.apache.catalina.core.ApplicationFilterChain.doFilter(ApplicationFilterChain.java:210)
	at org.apache.catalina.core.StandardWrapperValve.invoke(StandardWrapperValve.java:224)
	at org.apache.catalina.core.StandardContextValve.invoke(StandardContextValve.java:169)
	at org.apache.catalina.authenticator.AuthenticatorBase.invoke(AuthenticatorBase.java:472)
	at org.apache.catalina.core.StandardHostValve.invoke(StandardHostValve.java:168)
	at org.apache.catalina.valves.ErrorReportValve.invoke(ErrorReportValve.java:98)
	at org.apache.catalina.valves.AccessLogValve.invoke(AccessLogValve.java:928)
	at org.apache.catalina.core.StandardEngineValve.invoke(StandardEngineValve.java:118)
	at org.apache.catalina.connector.CoyoteAdapter.service(CoyoteAdapter.java:407)
	at org.apache.coyote.ajp.AjpProcessor.process(AjpProcessor.java:200)
	at org.apache.coyote.AbstractProtocol$AbstractConnectionHandler.process(AbstractProtocol.java:539)
	at org.apache.tomcat.util.net.JIoEndpoint$SocketProcessor.run(JIoEndpoint.java:298)
	at java.util.concurrent.ThreadPoolExecutor.runWorker(ThreadPoolExecutor.java:1110)
	at java.util.concurrent.ThreadPoolExecutor$Worker.run(ThreadPoolExecutor.java:603)
	at java.lang.Thread.run(Thread.java:722)

