Feb 21, 2015 7:49:37 PM org.apache.catalina.core.StandardWrapperValve invoke
SEVERE: Servlet.service() for servlet [jsp] in context with path [] threw exception [An exception occurred processing JSP page /mboard/mSearchPro.jsp at line 92

89: 
90: //?????? gpa ?? ?????? 5?? ???? studentStatus ?? ?????? 10?? ????, dday?? ?????? 100?? ???? (?????? ?? ???? ???? ???? ???????? ???? ????)
91: request.setCharacterEncoding("EUC-KR");
92: gpa = Float.parseFloat(request.getParameter("gpa"));
93: scholarmoney = Integer.parseInt(request.getParameter("scholarmoney"));
94: studentstatus = Integer.parseInt(request.getParameter("studentstatus"));
95: if(request.getParameter("area")==null){area ="";}else{area = request.getParameter("area");}


Stacktrace:] with root cause
java.lang.NullPointerException
	at sun.misc.FloatingDecimal.readJavaFormatString(FloatingDecimal.java:1008)
	at java.lang.Float.parseFloat(Float.java:452)
	at org.apache.jsp.mboard.mSearchPro_jsp._jspService(mSearchPro_jsp.java:158)
	at org.apache.jasper.runtime.HttpJspBase.service(HttpJspBase.java:70)
	at javax.servlet.http.HttpServlet.service(HttpServlet.java:722)
	at org.apache.jasper.servlet.JspServletWrapper.service(JspServletWrapper.java:432)
	at org.apache.jasper.servlet.JspServlet.serviceJspFile(JspServlet.java:390)
	at org.apache.jasper.servlet.JspServlet.service(JspServlet.java:334)
	at javax.servlet.http.HttpServlet.service(HttpServlet.java:722)
	at org.apache.catalina.core.ApplicationFilterChain.internalDoFilter(ApplicationFilterChain.java:305)
	at org.apache.catalina.core.ApplicationFilterChain.doFilter(ApplicationFilterChain.java:210)
	at org.apache.catalina.core.StandardWrapperValve.invoke(StandardWrapperValve.java:224)
	at org.apache.catalina.core.StandardContextValve.invoke(StandardContextValve.java:169)
	at org.apache.catalina.authenticator.AuthenticatorBase.invoke(AuthenticatorBase.java:472)
	at org.apache.catalina.core.StandardHostValve.invoke(StandardHostValve.java:168)
	at org.apache.catalina.valves.ErrorReportValve.invoke(ErrorReportValve.java:98)
	at org.apache.catalina.valves.AccessLogValve.invoke(AccessLogValve.java:928)
	at org.apache.catalina.core.StandardEngineValve.invoke(StandardEngineValve.java:118)
	at org.apache.catalina.connector.CoyoteAdapter.service(CoyoteAdapter.java:407)
	at org.apache.coyote.ajp.AjpProcessor.process(AjpProcessor.java:200)
	at org.apache.coyote.AbstractProtocol$AbstractConnectionHandler.process(AbstractProtocol.java:539)
	at org.apache.tomcat.util.net.JIoEndpoint$SocketProcessor.run(JIoEndpoint.java:298)
	at java.util.concurrent.ThreadPoolExecutor.runWorker(ThreadPoolExecutor.java:1110)
	at java.util.concurrent.ThreadPoolExecutor$Worker.run(ThreadPoolExecutor.java:603)
	at java.lang.Thread.run(Thread.java:722)

