Aug 10, 2015 5:56:49 PM org.apache.catalina.core.StandardWrapperValve invoke
SEVERE: Servlet.service() for servlet [jsp] in context with path [] threw exception [An exception occurred processing JSP page /manager_board/manager_CrawleringButton_C.jsp at line 60

57: 		else if (target_crawler.equals("school_SeoulNational")) { //crawlering result : seoul national university
58: 		
59: 			out.println("<br>=================== ??????????????? ????????? =================<br>");
60: 			List<ScholarVO> DBresultSVOs = crawlering_School_SeoulNational.mainfunction();
61: 
62: 			System.out.println("??????????????? ??????!!!!!!!!!!!!!!!!!!!!!");
63: 			System.out.println("DBresultSVOs??? ?????? :" + DBresultSVOs.size());


Stacktrace:] with root cause
java.lang.NoSuchMethodError: dao.ScholarDAO.checkIfScholarInfo(Ljava/lang/String;Ljava/lang/String;)I
	at crawler.Crawler_School_SeoulNational.mainfunction(Crawler_School_SeoulNational.java:141)
	at org.apache.jsp.manager_005fboard.manager_005fCrawleringButton_005fC_jsp._jspService(manager_005fCrawleringButton_005fC_jsp.java:138)
	at org.apache.jasper.runtime.HttpJspBase.service(HttpJspBase.java:70)
	at javax.servlet.http.HttpServlet.service(HttpServlet.java:722)
	at org.apache.jasper.servlet.JspServletWrapper.service(JspServletWrapper.java:432)
	at org.apache.jasper.servlet.JspServlet.serviceJspFile(JspServlet.java:390)
	at org.apache.jasper.servlet.JspServlet.service(JspServlet.java:334)
	at javax.servlet.http.HttpServlet.service(HttpServlet.java:722)
	at org.apache.catalina.core.ApplicationFilterChain.internalDoFilter(ApplicationFilterChain.java:305)
	at org.apache.catalina.core.ApplicationFilterChain.doFilter(ApplicationFilterChain.java:210)
	at org.apache.catalina.core.StandardWrapperValve.invoke(StandardWrapperValve.java:224)
	at org.apache.catalina.core.StandardContextValve.invoke(StandardContextValve.java:169)
	at org.apache.catalina.authenticator.AuthenticatorBase.invoke(AuthenticatorBase.java:472)
	at org.apache.catalina.core.StandardHostValve.invoke(StandardHostValve.java:168)
	at org.apache.catalina.valves.ErrorReportValve.invoke(ErrorReportValve.java:98)
	at org.apache.catalina.valves.AccessLogValve.invoke(AccessLogValve.java:928)
	at org.apache.catalina.core.StandardEngineValve.invoke(StandardEngineValve.java:118)
	at org.apache.catalina.connector.CoyoteAdapter.service(CoyoteAdapter.java:407)
	at org.apache.coyote.ajp.AjpProcessor.process(AjpProcessor.java:200)
	at org.apache.coyote.AbstractProtocol$AbstractConnectionHandler.process(AbstractProtocol.java:539)
	at org.apache.tomcat.util.net.JIoEndpoint$SocketProcessor.run(JIoEndpoint.java:298)
	at java.util.concurrent.ThreadPoolExecutor.runWorker(ThreadPoolExecutor.java:1110)
	at java.util.concurrent.ThreadPoolExecutor$Worker.run(ThreadPoolExecutor.java:603)
	at java.lang.Thread.run(Thread.java:722)

Aug 10, 2015 5:59:13 PM org.apache.catalina.core.StandardWrapperValve invoke
SEVERE: Servlet.service() for servlet [jsp] in context with path [] threw exception [An exception occurred processing JSP page /manager_board/manager_CrawleringButton_C.jsp at line 89

86: 		else if (target_crawler.equals("school_YonSei")) { //crawlering result : seoul national university
87: 			
88: 			out.println("<br>=================== ??????????????? ????????? =================<br>");
89: 			List<ScholarVO> DBresultSVOs = crawlering_School_SeoulNational.mainfunction();
90: 
91: 			System.out.println("??????????????? ??????!!!!!!!!!!!!!!!!!!!!!");
92: 			System.out.println("DBresultSVOs??? ?????? :" + DBresultSVOs.size());


Stacktrace:] with root cause
java.lang.NoSuchMethodError: dao.ScholarDAO.checkIfScholarInfo(Ljava/lang/String;Ljava/lang/String;)I
	at crawler.Crawler_School_SeoulNational.mainfunction(Crawler_School_SeoulNational.java:141)
	at org.apache.jsp.manager_005fboard.manager_005fCrawleringButton_005fC_jsp._jspService(manager_005fCrawleringButton_005fC_jsp.java:167)
	at org.apache.jasper.runtime.HttpJspBase.service(HttpJspBase.java:70)
	at javax.servlet.http.HttpServlet.service(HttpServlet.java:722)
	at org.apache.jasper.servlet.JspServletWrapper.service(JspServletWrapper.java:432)
	at org.apache.jasper.servlet.JspServlet.serviceJspFile(JspServlet.java:390)
	at org.apache.jasper.servlet.JspServlet.service(JspServlet.java:334)
	at javax.servlet.http.HttpServlet.service(HttpServlet.java:722)
	at org.apache.catalina.core.ApplicationFilterChain.internalDoFilter(ApplicationFilterChain.java:305)
	at org.apache.catalina.core.ApplicationFilterChain.doFilter(ApplicationFilterChain.java:210)
	at org.apache.catalina.core.StandardWrapperValve.invoke(StandardWrapperValve.java:224)
	at org.apache.catalina.core.StandardContextValve.invoke(StandardContextValve.java:169)
	at org.apache.catalina.authenticator.AuthenticatorBase.invoke(AuthenticatorBase.java:472)
	at org.apache.catalina.core.StandardHostValve.invoke(StandardHostValve.java:168)
	at org.apache.catalina.valves.ErrorReportValve.invoke(ErrorReportValve.java:98)
	at org.apache.catalina.valves.AccessLogValve.invoke(AccessLogValve.java:928)
	at org.apache.catalina.core.StandardEngineValve.invoke(StandardEngineValve.java:118)
	at org.apache.catalina.connector.CoyoteAdapter.service(CoyoteAdapter.java:407)
	at org.apache.coyote.ajp.AjpProcessor.process(AjpProcessor.java:200)
	at org.apache.coyote.AbstractProtocol$AbstractConnectionHandler.process(AbstractProtocol.java:539)
	at org.apache.tomcat.util.net.JIoEndpoint$SocketProcessor.run(JIoEndpoint.java:298)
	at java.util.concurrent.ThreadPoolExecutor.runWorker(ThreadPoolExecutor.java:1110)
	at java.util.concurrent.ThreadPoolExecutor$Worker.run(ThreadPoolExecutor.java:603)
	at java.lang.Thread.run(Thread.java:722)

Aug 10, 2015 6:08:56 PM org.apache.catalina.core.StandardContext reload
INFO: Reloading Context with name [] has started
Aug 10, 2015 6:08:56 PM org.apache.catalina.core.StandardContext reload
INFO: Reloading Context with name [] is completed
Aug 10, 2015 6:13:56 PM org.apache.catalina.core.StandardContext reload
INFO: Reloading Context with name [] has started
Aug 10, 2015 6:13:57 PM org.apache.catalina.core.StandardContext reload
INFO: Reloading Context with name [] is completed
Aug 10, 2015 6:25:17 PM org.apache.catalina.core.StandardContext reload
INFO: Reloading Context with name [] has started
Aug 10, 2015 6:25:17 PM org.apache.catalina.core.StandardContext reload
INFO: Reloading Context with name [] is completed
Aug 10, 2015 6:54:57 PM org.apache.catalina.core.StandardContext reload
INFO: Reloading Context with name [] has started
Aug 10, 2015 6:54:58 PM org.apache.catalina.core.StandardContext reload
INFO: Reloading Context with name [] is completed
Aug 10, 2015 7:02:18 PM org.apache.catalina.core.StandardContext reload
INFO: Reloading Context with name [] has started
Aug 10, 2015 7:02:18 PM org.apache.catalina.core.StandardContext reload
INFO: Reloading Context with name [] is completed
Aug 10, 2015 7:03:35 PM org.apache.catalina.core.StandardWrapperValve invoke
SEVERE: Servlet.service() for servlet [jsp] in context with path [] threw exception [java.lang.NullPointerException] with root cause
java.lang.NullPointerException
	at org.apache.jsp.manager_005fboard.manager_005fmScholarship_005fAllList_jsp._jspService(manager_005fmScholarship_005fAllList_jsp.java:146)
	at org.apache.jasper.runtime.HttpJspBase.service(HttpJspBase.java:70)
	at javax.servlet.http.HttpServlet.service(HttpServlet.java:722)
	at org.apache.jasper.servlet.JspServletWrapper.service(JspServletWrapper.java:432)
	at org.apache.jasper.servlet.JspServlet.serviceJspFile(JspServlet.java:390)
	at org.apache.jasper.servlet.JspServlet.service(JspServlet.java:334)
	at javax.servlet.http.HttpServlet.service(HttpServlet.java:722)
	at org.apache.catalina.core.ApplicationFilterChain.internalDoFilter(ApplicationFilterChain.java:305)
	at org.apache.catalina.core.ApplicationFilterChain.doFilter(ApplicationFilterChain.java:210)
	at org.apache.catalina.core.StandardWrapperValve.invoke(StandardWrapperValve.java:224)
	at org.apache.catalina.core.StandardContextValve.invoke(StandardContextValve.java:169)
	at org.apache.catalina.authenticator.AuthenticatorBase.invoke(AuthenticatorBase.java:472)
	at org.apache.catalina.core.StandardHostValve.invoke(StandardHostValve.java:168)
	at org.apache.catalina.valves.ErrorReportValve.invoke(ErrorReportValve.java:98)
	at org.apache.catalina.valves.AccessLogValve.invoke(AccessLogValve.java:928)
	at org.apache.catalina.core.StandardEngineValve.invoke(StandardEngineValve.java:118)
	at org.apache.catalina.connector.CoyoteAdapter.service(CoyoteAdapter.java:407)
	at org.apache.coyote.ajp.AjpProcessor.process(AjpProcessor.java:200)
	at org.apache.coyote.AbstractProtocol$AbstractConnectionHandler.process(AbstractProtocol.java:539)
	at org.apache.tomcat.util.net.JIoEndpoint$SocketProcessor.run(JIoEndpoint.java:298)
	at java.util.concurrent.ThreadPoolExecutor.runWorker(ThreadPoolExecutor.java:1110)
	at java.util.concurrent.ThreadPoolExecutor$Worker.run(ThreadPoolExecutor.java:603)
	at java.lang.Thread.run(Thread.java:722)

Aug 10, 2015 7:38:08 PM org.apache.catalina.core.StandardContext reload
INFO: Reloading Context with name [] has started
Aug 10, 2015 7:38:09 PM org.apache.catalina.core.StandardContext reload
INFO: Reloading Context with name [] is completed
Aug 10, 2015 7:56:39 PM org.apache.catalina.core.StandardContext reload
INFO: Reloading Context with name [] has started
Aug 10, 2015 7:56:39 PM org.apache.catalina.core.StandardContext reload
INFO: Reloading Context with name [] is completed
Aug 10, 2015 9:16:40 PM org.apache.catalina.core.StandardContext reload
INFO: Reloading Context with name [] has started
Aug 10, 2015 9:16:40 PM org.apache.catalina.core.StandardContext reload
INFO: Reloading Context with name [] is completed
Aug 10, 2015 10:51:20 PM org.apache.catalina.core.StandardContext reload
INFO: Reloading Context with name [] has started
Aug 10, 2015 10:51:21 PM org.apache.catalina.core.StandardContext reload
INFO: Reloading Context with name [] is completed
Aug 10, 2015 10:54:11 PM org.apache.catalina.core.StandardContext reload
INFO: Reloading Context with name [] has started
Aug 10, 2015 10:54:11 PM org.apache.catalina.core.StandardContext reload
INFO: Reloading Context with name [] is completed
