Aug 07, 2015 7:33:57 PM org.apache.catalina.loader.WebappClassLoader modified
SEVERE:     Resource '/WEB-INF/classes/crawler/CopyOfCrawler_JangHakDoSa.class' is missing
Aug 07, 2015 7:33:57 PM org.apache.catalina.core.StandardContext reload
INFO: Reloading Context with name [] has started
Aug 07, 2015 7:33:57 PM org.apache.catalina.core.StandardContext reload
INFO: Reloading Context with name [] is completed
Aug 07, 2015 8:03:18 PM org.apache.catalina.core.StandardContext reload
INFO: Reloading Context with name [] has started
Aug 07, 2015 8:03:18 PM org.apache.catalina.core.StandardContext reload
INFO: Reloading Context with name [] is completed
Aug 07, 2015 8:05:38 PM org.apache.catalina.core.StandardContext reload
INFO: Reloading Context with name [] has started
Aug 07, 2015 8:05:38 PM org.apache.catalina.core.StandardContext reload
INFO: Reloading Context with name [] is completed
Aug 07, 2015 8:53:59 PM org.apache.catalina.core.StandardContext reload
INFO: Reloading Context with name [] has started
Aug 07, 2015 8:53:59 PM org.apache.catalina.core.StandardContext reload
INFO: Reloading Context with name [] is completed
Aug 07, 2015 8:54:59 PM org.apache.catalina.core.StandardContext reload
INFO: Reloading Context with name [] has started
Aug 07, 2015 8:55:00 PM org.apache.catalina.core.StandardContext reload
INFO: Reloading Context with name [] is completed
Aug 07, 2015 8:57:06 PM org.apache.catalina.core.StandardWrapperValve invoke
SEVERE: Servlet.service() for servlet [jsp] in context with path [] threw exception [An exception occurred processing JSP page /manager_board/manager_mConetnt_detailInfo_Modify_C.jsp at line 59

56: 
57: System.out.println("?????? ?????? ?????? : "+ uploadFilePath);                        //to save files = get saving path 
58: 
59: MultipartRequest multi = new MultipartRequest(request, uploadFilePath, uploadFileSizeLimit, encType, new DefaultFileRenamePolicy());
60: String fileName = multi.getFilesystemName("file");
61: String fileName2 = multi.getFilesystemName("file2");
62: if(fileName2!=null){


Stacktrace:] with root cause
java.lang.IllegalArgumentException: Not a directory: /www/scholarshipcenter.co.kr/www/WebContent/attachedFiles
	at com.oreilly.servlet.MultipartRequest.<init>(MultipartRequest.java:215)
	at org.apache.jsp.manager_005fboard.manager_005fmConetnt_005fdetailInfo_005fModify_005fC_jsp._jspService(manager_005fmConetnt_005fdetailInfo_005fModify_005fC_jsp.java:125)
	at org.apache.jasper.runtime.HttpJspBase.service(HttpJspBase.java:70)
	at javax.servlet.http.HttpServlet.service(HttpServlet.java:722)
	at org.apache.jasper.servlet.JspServletWrapper.service(JspServletWrapper.java:432)
	at org.apache.jasper.servlet.JspServlet.serviceJspFile(JspServlet.java:390)
	at org.apache.jasper.servlet.JspServlet.service(JspServlet.java:334)
	at javax.servlet.http.HttpServlet.service(HttpServlet.java:722)
	at org.apache.catalina.core.ApplicationFilterChain.internalDoFilter(ApplicationFilterChain.java:305)
	at org.apache.catalina.core.ApplicationFilterChain.doFilter(ApplicationFilterChain.java:210)
	at org.apache.catalina.core.StandardWrapperValve.invoke(StandardWrapperValve.java:224)
	at org.apache.catalina.core.StandardContextValve.invoke(StandardContextValve.java:169)
	at org.apache.catalina.authenticator.AuthenticatorBase.invoke(AuthenticatorBase.java:472)
	at org.apache.catalina.core.StandardHostValve.invoke(StandardHostValve.java:168)
	at org.apache.catalina.valves.ErrorReportValve.invoke(ErrorReportValve.java:98)
	at org.apache.catalina.valves.AccessLogValve.invoke(AccessLogValve.java:928)
	at org.apache.catalina.core.StandardEngineValve.invoke(StandardEngineValve.java:118)
	at org.apache.catalina.connector.CoyoteAdapter.service(CoyoteAdapter.java:407)
	at org.apache.coyote.ajp.AjpProcessor.process(AjpProcessor.java:200)
	at org.apache.coyote.AbstractProtocol$AbstractConnectionHandler.process(AbstractProtocol.java:539)
	at org.apache.tomcat.util.net.JIoEndpoint$SocketProcessor.run(JIoEndpoint.java:298)
	at java.util.concurrent.ThreadPoolExecutor.runWorker(ThreadPoolExecutor.java:1110)
	at java.util.concurrent.ThreadPoolExecutor$Worker.run(ThreadPoolExecutor.java:603)
	at java.lang.Thread.run(Thread.java:722)

Aug 07, 2015 8:58:17 PM org.apache.catalina.core.StandardWrapperValve invoke
SEVERE: Servlet.service() for servlet [jsp] in context with path [] threw exception [An exception occurred processing JSP page /manager_board/manager_ScholarInfo_Write_C.jsp at line 58

55: 
56: System.out.println("?????? ?????? ?????? : "+ uploadFilePath);                        //to save files = get saving path 
57: 
58: MultipartRequest multi = new MultipartRequest(request, uploadFilePath, uploadFileSizeLimit, encType, new DefaultFileRenamePolicy());
59: String fileName = multi.getFilesystemName("file");
60: 
61: 


Stacktrace:] with root cause
java.lang.IllegalArgumentException: Not a directory: /www/scholarshipcenter.co.kr/www/WebContent/attachedFiles
	at com.oreilly.servlet.MultipartRequest.<init>(MultipartRequest.java:215)
	at org.apache.jsp.manager_005fboard.manager_005fScholarInfo_005fWrite_005fC_jsp._jspService(manager_005fScholarInfo_005fWrite_005fC_jsp.java:124)
	at org.apache.jasper.runtime.HttpJspBase.service(HttpJspBase.java:70)
	at javax.servlet.http.HttpServlet.service(HttpServlet.java:722)
	at org.apache.jasper.servlet.JspServletWrapper.service(JspServletWrapper.java:432)
	at org.apache.jasper.servlet.JspServlet.serviceJspFile(JspServlet.java:390)
	at org.apache.jasper.servlet.JspServlet.service(JspServlet.java:334)
	at javax.servlet.http.HttpServlet.service(HttpServlet.java:722)
	at org.apache.catalina.core.ApplicationFilterChain.internalDoFilter(ApplicationFilterChain.java:305)
	at org.apache.catalina.core.ApplicationFilterChain.doFilter(ApplicationFilterChain.java:210)
	at org.apache.catalina.core.StandardWrapperValve.invoke(StandardWrapperValve.java:224)
	at org.apache.catalina.core.StandardContextValve.invoke(StandardContextValve.java:169)
	at org.apache.catalina.authenticator.AuthenticatorBase.invoke(AuthenticatorBase.java:472)
	at org.apache.catalina.core.StandardHostValve.invoke(StandardHostValve.java:168)
	at org.apache.catalina.valves.ErrorReportValve.invoke(ErrorReportValve.java:98)
	at org.apache.catalina.valves.AccessLogValve.invoke(AccessLogValve.java:928)
	at org.apache.catalina.core.StandardEngineValve.invoke(StandardEngineValve.java:118)
	at org.apache.catalina.connector.CoyoteAdapter.service(CoyoteAdapter.java:407)
	at org.apache.coyote.ajp.AjpProcessor.process(AjpProcessor.java:200)
	at org.apache.coyote.AbstractProtocol$AbstractConnectionHandler.process(AbstractProtocol.java:539)
	at org.apache.tomcat.util.net.JIoEndpoint$SocketProcessor.run(JIoEndpoint.java:298)
	at java.util.concurrent.ThreadPoolExecutor.runWorker(ThreadPoolExecutor.java:1110)
	at java.util.concurrent.ThreadPoolExecutor$Worker.run(ThreadPoolExecutor.java:603)
	at java.lang.Thread.run(Thread.java:722)

Aug 07, 2015 9:00:34 PM org.apache.catalina.core.StandardWrapperValve invoke
SEVERE: Servlet.service() for servlet [jsp] in context with path [] threw exception [An exception occurred processing JSP page /manager_board/manager_ScholarInfo_Write_C.jsp at line 58

55: 
56: System.out.println("?????? ?????? ?????? : "+ uploadFilePath);                        //to save files = get saving path 
57: 
58: MultipartRequest multi = new MultipartRequest(request, uploadFilePath, uploadFileSizeLimit, encType, new DefaultFileRenamePolicy());
59: String fileName = multi.getFilesystemName("file");
60: 
61: 


Stacktrace:] with root cause
java.lang.IllegalArgumentException: Not a directory: /www/scholarshipcenter.co.kr/www/WebContent/attachedFiles
	at com.oreilly.servlet.MultipartRequest.<init>(MultipartRequest.java:215)
	at org.apache.jsp.manager_005fboard.manager_005fScholarInfo_005fWrite_005fC_jsp._jspService(manager_005fScholarInfo_005fWrite_005fC_jsp.java:124)
	at org.apache.jasper.runtime.HttpJspBase.service(HttpJspBase.java:70)
	at javax.servlet.http.HttpServlet.service(HttpServlet.java:722)
	at org.apache.jasper.servlet.JspServletWrapper.service(JspServletWrapper.java:432)
	at org.apache.jasper.servlet.JspServlet.serviceJspFile(JspServlet.java:390)
	at org.apache.jasper.servlet.JspServlet.service(JspServlet.java:334)
	at javax.servlet.http.HttpServlet.service(HttpServlet.java:722)
	at org.apache.catalina.core.ApplicationFilterChain.internalDoFilter(ApplicationFilterChain.java:305)
	at org.apache.catalina.core.ApplicationFilterChain.doFilter(ApplicationFilterChain.java:210)
	at org.apache.catalina.core.StandardWrapperValve.invoke(StandardWrapperValve.java:224)
	at org.apache.catalina.core.StandardContextValve.invoke(StandardContextValve.java:169)
	at org.apache.catalina.authenticator.AuthenticatorBase.invoke(AuthenticatorBase.java:472)
	at org.apache.catalina.core.StandardHostValve.invoke(StandardHostValve.java:168)
	at org.apache.catalina.valves.ErrorReportValve.invoke(ErrorReportValve.java:98)
	at org.apache.catalina.valves.AccessLogValve.invoke(AccessLogValve.java:928)
	at org.apache.catalina.core.StandardEngineValve.invoke(StandardEngineValve.java:118)
	at org.apache.catalina.connector.CoyoteAdapter.service(CoyoteAdapter.java:407)
	at org.apache.coyote.ajp.AjpProcessor.process(AjpProcessor.java:200)
	at org.apache.coyote.AbstractProtocol$AbstractConnectionHandler.process(AbstractProtocol.java:539)
	at org.apache.tomcat.util.net.JIoEndpoint$SocketProcessor.run(JIoEndpoint.java:298)
	at java.util.concurrent.ThreadPoolExecutor.runWorker(ThreadPoolExecutor.java:1110)
	at java.util.concurrent.ThreadPoolExecutor$Worker.run(ThreadPoolExecutor.java:603)
	at java.lang.Thread.run(Thread.java:722)

Aug 07, 2015 10:22:00 PM org.apache.catalina.core.StandardContext reload
INFO: Reloading Context with name [] has started
Aug 07, 2015 10:22:00 PM org.apache.catalina.core.StandardContext reload
INFO: Reloading Context with name [] is completed
